  [1m[35m (30.3ms)[0m  [1m[35mCREATE TABLE "schema_migrations" ("version" character varying PRIMARY KEY)[0m
  [1m[35m (17.0ms)[0m  [1m[35mCREATE TABLE "ar_internal_metadata" ("key" character varying PRIMARY KEY, "value" character varying, "created_at" timestamp NOT NULL, "updated_at" timestamp NOT NULL)[0m
  [1m[35m (0.3ms)[0m  [1m[34mSELECT pg_try_advisory_lock(7381167824530102995);[0m
  [1m[36mActiveRecord::SchemaMigration Load (1.3ms)[0m  [1m[34mSELECT "schema_migrations".* FROM "schema_migrations"[0m
Migrating to CreateUsers (20170220101420)
  [1m[35m (0.1ms)[0m  [1m[35mBEGIN[0m
  [1m[35m (21.0ms)[0m  [1m[35mCREATE TABLE "users" ("id" serial primary key, "email" character varying, "password_digest" character varying, "created_at" timestamp NOT NULL, "updated_at" timestamp NOT NULL)[0m
  [1m[35mSQL (0.7ms)[0m  [1m[32mINSERT INTO "schema_migrations" ("version") VALUES ($1) RETURNING "version"[0m  [["version", "20170220101420"]]
  [1m[35m (0.4ms)[0m  [1m[35mCOMMIT[0m
  [1m[36mActiveRecord::InternalMetadata Load (1.7ms)[0m  [1m[34mSELECT  "ar_internal_metadata".* FROM "ar_internal_metadata" WHERE "ar_internal_metadata"."key" = $1 LIMIT $2[0m  [["key", :environment], ["LIMIT", 1]]
  [1m[35m (0.1ms)[0m  [1m[35mBEGIN[0m
  [1m[35mSQL (1.7ms)[0m  [1m[32mINSERT INTO "ar_internal_metadata" ("key", "value", "created_at", "updated_at") VALUES ($1, $2, $3, $4) RETURNING "key"[0m  [["key", "environment"], ["value", "development"], ["created_at", 2017-02-20 10:54:28 UTC], ["updated_at", 2017-02-20 10:54:28 UTC]]
  [1m[35m (0.5ms)[0m  [1m[35mCOMMIT[0m
  [1m[35m (0.6ms)[0m  [1m[34mSELECT pg_advisory_unlock(7381167824530102995)[0m
  [1m[36mActiveRecord::SchemaMigration Load (0.2ms)[0m  [1m[34mSELECT "schema_migrations".* FROM "schema_migrations"[0m
  [1m[35m (0.2ms)[0m  [1m[34mSELECT pg_try_advisory_lock(7381167824530102995);[0m
  [1m[36mActiveRecord::SchemaMigration Load (29.2ms)[0m  [1m[34mSELECT "schema_migrations".* FROM "schema_migrations"[0m
  [1m[36mActiveRecord::InternalMetadata Load (19.0ms)[0m  [1m[34mSELECT  "ar_internal_metadata".* FROM "ar_internal_metadata" WHERE "ar_internal_metadata"."key" = $1 LIMIT $2[0m  [["key", :environment], ["LIMIT", 1]]
  [1m[35m (0.1ms)[0m  [1m[35mBEGIN[0m
  [1m[35m (0.1ms)[0m  [1m[35mCOMMIT[0m
  [1m[35m (0.2ms)[0m  [1m[34mSELECT pg_advisory_unlock(7381167824530102995)[0m
  [1m[36mActiveRecord::SchemaMigration Load (0.2ms)[0m  [1m[34mSELECT "schema_migrations".* FROM "schema_migrations"[0m
Started GET "/" for 127.0.0.1 at 2017-02-20 10:58:21 +0000
  [1m[36mActiveRecord::SchemaMigration Load (2.0ms)[0m  [1m[34mSELECT "schema_migrations".* FROM "schema_migrations"[0m
Processing by Rails::WelcomeController#index as HTML
  Parameters: {"internal"=>true}
  Rendering /Users/James/.rbenv/versions/2.3.1/lib/ruby/gems/2.3.0/gems/railties-5.0.1/lib/rails/templates/rails/welcome/index.html.erb
  Rendered /Users/James/.rbenv/versions/2.3.1/lib/ruby/gems/2.3.0/gems/railties-5.0.1/lib/rails/templates/rails/welcome/index.html.erb (7.8ms)
Completed 200 OK in 29ms (Views: 24.3ms | ActiveRecord: 0.0ms)


Started GET "/favicon.ico" for 127.0.0.1 at 2017-02-20 10:58:22 +0000
  
ActionController::RoutingError (No route matches [GET] "/favicon.ico"):
  
actionpack (5.0.1) lib/action_dispatch/middleware/debug_exceptions.rb:53:in `call'
actionpack (5.0.1) lib/action_dispatch/middleware/show_exceptions.rb:31:in `call'
railties (5.0.1) lib/rails/rack/logger.rb:36:in `call_app'
railties (5.0.1) lib/rails/rack/logger.rb:24:in `block in call'
activesupport (5.0.1) lib/active_support/tagged_logging.rb:69:in `block in tagged'
activesupport (5.0.1) lib/active_support/tagged_logging.rb:26:in `tagged'
activesupport (5.0.1) lib/active_support/tagged_logging.rb:69:in `tagged'
railties (5.0.1) lib/rails/rack/logger.rb:24:in `call'
actionpack (5.0.1) lib/action_dispatch/middleware/request_id.rb:24:in `call'
rack (2.0.1) lib/rack/runtime.rb:22:in `call'
activesupport (5.0.1) lib/active_support/cache/strategy/local_cache_middleware.rb:28:in `call'
actionpack (5.0.1) lib/action_dispatch/middleware/executor.rb:12:in `call'
actionpack (5.0.1) lib/action_dispatch/middleware/static.rb:136:in `call'
rack (2.0.1) lib/rack/sendfile.rb:111:in `call'
rack-cors (0.4.1) lib/rack/cors.rb:81:in `call'
railties (5.0.1) lib/rails/engine.rb:522:in `call'
puma (3.7.0) lib/puma/configuration.rb:226:in `call'
puma (3.7.0) lib/puma/server.rb:578:in `handle_request'
puma (3.7.0) lib/puma/server.rb:415:in `process_client'
puma (3.7.0) lib/puma/server.rb:275:in `block in run'
puma (3.7.0) lib/puma/thread_pool.rb:120:in `block in spawn_thread'
Started GET "/users" for 127.0.0.1 at 2017-02-20 10:58:30 +0000
  
ActionController::RoutingError (No route matches [GET] "/users"):
  
actionpack (5.0.1) lib/action_dispatch/middleware/debug_exceptions.rb:53:in `call'
actionpack (5.0.1) lib/action_dispatch/middleware/show_exceptions.rb:31:in `call'
railties (5.0.1) lib/rails/rack/logger.rb:36:in `call_app'
railties (5.0.1) lib/rails/rack/logger.rb:24:in `block in call'
activesupport (5.0.1) lib/active_support/tagged_logging.rb:69:in `block in tagged'
activesupport (5.0.1) lib/active_support/tagged_logging.rb:26:in `tagged'
activesupport (5.0.1) lib/active_support/tagged_logging.rb:69:in `tagged'
railties (5.0.1) lib/rails/rack/logger.rb:24:in `call'
actionpack (5.0.1) lib/action_dispatch/middleware/request_id.rb:24:in `call'
rack (2.0.1) lib/rack/runtime.rb:22:in `call'
activesupport (5.0.1) lib/active_support/cache/strategy/local_cache_middleware.rb:28:in `call'
actionpack (5.0.1) lib/action_dispatch/middleware/executor.rb:12:in `call'
actionpack (5.0.1) lib/action_dispatch/middleware/static.rb:136:in `call'
rack (2.0.1) lib/rack/sendfile.rb:111:in `call'
rack-cors (0.4.1) lib/rack/cors.rb:81:in `call'
railties (5.0.1) lib/rails/engine.rb:522:in `call'
puma (3.7.0) lib/puma/configuration.rb:226:in `call'
puma (3.7.0) lib/puma/server.rb:578:in `handle_request'
puma (3.7.0) lib/puma/server.rb:415:in `process_client'
puma (3.7.0) lib/puma/server.rb:275:in `block in run'
puma (3.7.0) lib/puma/thread_pool.rb:120:in `block in spawn_thread'
Started GET "/register" for 127.0.0.1 at 2017-02-20 10:58:36 +0000
  
ActionController::RoutingError (No route matches [GET] "/register"):
  
actionpack (5.0.1) lib/action_dispatch/middleware/debug_exceptions.rb:53:in `call'
actionpack (5.0.1) lib/action_dispatch/middleware/show_exceptions.rb:31:in `call'
railties (5.0.1) lib/rails/rack/logger.rb:36:in `call_app'
railties (5.0.1) lib/rails/rack/logger.rb:24:in `block in call'
activesupport (5.0.1) lib/active_support/tagged_logging.rb:69:in `block in tagged'
activesupport (5.0.1) lib/active_support/tagged_logging.rb:26:in `tagged'
activesupport (5.0.1) lib/active_support/tagged_logging.rb:69:in `tagged'
railties (5.0.1) lib/rails/rack/logger.rb:24:in `call'
actionpack (5.0.1) lib/action_dispatch/middleware/request_id.rb:24:in `call'
rack (2.0.1) lib/rack/runtime.rb:22:in `call'
activesupport (5.0.1) lib/active_support/cache/strategy/local_cache_middleware.rb:28:in `call'
actionpack (5.0.1) lib/action_dispatch/middleware/executor.rb:12:in `call'
actionpack (5.0.1) lib/action_dispatch/middleware/static.rb:136:in `call'
rack (2.0.1) lib/rack/sendfile.rb:111:in `call'
rack-cors (0.4.1) lib/rack/cors.rb:81:in `call'
railties (5.0.1) lib/rails/engine.rb:522:in `call'
puma (3.7.0) lib/puma/configuration.rb:226:in `call'
puma (3.7.0) lib/puma/server.rb:578:in `handle_request'
puma (3.7.0) lib/puma/server.rb:415:in `process_client'
puma (3.7.0) lib/puma/server.rb:275:in `block in run'
puma (3.7.0) lib/puma/thread_pool.rb:120:in `block in spawn_thread'
Started GET "/users" for 127.0.0.1 at 2017-02-20 10:59:48 +0000
  
ActionController::RoutingError (No route matches [GET] "/users"):
  
actionpack (5.0.1) lib/action_dispatch/middleware/debug_exceptions.rb:53:in `call'
actionpack (5.0.1) lib/action_dispatch/middleware/show_exceptions.rb:31:in `call'
railties (5.0.1) lib/rails/rack/logger.rb:36:in `call_app'
railties (5.0.1) lib/rails/rack/logger.rb:24:in `block in call'
activesupport (5.0.1) lib/active_support/tagged_logging.rb:69:in `block in tagged'
activesupport (5.0.1) lib/active_support/tagged_logging.rb:26:in `tagged'
activesupport (5.0.1) lib/active_support/tagged_logging.rb:69:in `tagged'
railties (5.0.1) lib/rails/rack/logger.rb:24:in `call'
actionpack (5.0.1) lib/action_dispatch/middleware/request_id.rb:24:in `call'
rack (2.0.1) lib/rack/runtime.rb:22:in `call'
activesupport (5.0.1) lib/active_support/cache/strategy/local_cache_middleware.rb:28:in `call'
actionpack (5.0.1) lib/action_dispatch/middleware/executor.rb:12:in `call'
actionpack (5.0.1) lib/action_dispatch/middleware/static.rb:136:in `call'
rack (2.0.1) lib/rack/sendfile.rb:111:in `call'
rack-cors (0.4.1) lib/rack/cors.rb:81:in `call'
railties (5.0.1) lib/rails/engine.rb:522:in `call'
puma (3.7.0) lib/puma/configuration.rb:226:in `call'
puma (3.7.0) lib/puma/server.rb:578:in `handle_request'
puma (3.7.0) lib/puma/server.rb:415:in `process_client'
puma (3.7.0) lib/puma/server.rb:275:in `block in run'
puma (3.7.0) lib/puma/thread_pool.rb:120:in `block in spawn_thread'
Started GET "/user" for 127.0.0.1 at 2017-02-20 10:59:52 +0000
  
ActionController::RoutingError (No route matches [GET] "/user"):
  
actionpack (5.0.1) lib/action_dispatch/middleware/debug_exceptions.rb:53:in `call'
actionpack (5.0.1) lib/action_dispatch/middleware/show_exceptions.rb:31:in `call'
railties (5.0.1) lib/rails/rack/logger.rb:36:in `call_app'
railties (5.0.1) lib/rails/rack/logger.rb:24:in `block in call'
activesupport (5.0.1) lib/active_support/tagged_logging.rb:69:in `block in tagged'
activesupport (5.0.1) lib/active_support/tagged_logging.rb:26:in `tagged'
activesupport (5.0.1) lib/active_support/tagged_logging.rb:69:in `tagged'
railties (5.0.1) lib/rails/rack/logger.rb:24:in `call'
actionpack (5.0.1) lib/action_dispatch/middleware/request_id.rb:24:in `call'
rack (2.0.1) lib/rack/runtime.rb:22:in `call'
activesupport (5.0.1) lib/active_support/cache/strategy/local_cache_middleware.rb:28:in `call'
actionpack (5.0.1) lib/action_dispatch/middleware/executor.rb:12:in `call'
actionpack (5.0.1) lib/action_dispatch/middleware/static.rb:136:in `call'
rack (2.0.1) lib/rack/sendfile.rb:111:in `call'
rack-cors (0.4.1) lib/rack/cors.rb:81:in `call'
railties (5.0.1) lib/rails/engine.rb:522:in `call'
puma (3.7.0) lib/puma/configuration.rb:226:in `call'
puma (3.7.0) lib/puma/server.rb:578:in `handle_request'
puma (3.7.0) lib/puma/server.rb:415:in `process_client'
puma (3.7.0) lib/puma/server.rb:275:in `block in run'
puma (3.7.0) lib/puma/thread_pool.rb:120:in `block in spawn_thread'
Started GET "/login" for 127.0.0.1 at 2017-02-20 10:59:55 +0000
  
ActionController::RoutingError (No route matches [GET] "/login"):
  
actionpack (5.0.1) lib/action_dispatch/middleware/debug_exceptions.rb:53:in `call'
actionpack (5.0.1) lib/action_dispatch/middleware/show_exceptions.rb:31:in `call'
railties (5.0.1) lib/rails/rack/logger.rb:36:in `call_app'
railties (5.0.1) lib/rails/rack/logger.rb:24:in `block in call'
activesupport (5.0.1) lib/active_support/tagged_logging.rb:69:in `block in tagged'
activesupport (5.0.1) lib/active_support/tagged_logging.rb:26:in `tagged'
activesupport (5.0.1) lib/active_support/tagged_logging.rb:69:in `tagged'
railties (5.0.1) lib/rails/rack/logger.rb:24:in `call'
actionpack (5.0.1) lib/action_dispatch/middleware/request_id.rb:24:in `call'
rack (2.0.1) lib/rack/runtime.rb:22:in `call'
activesupport (5.0.1) lib/active_support/cache/strategy/local_cache_middleware.rb:28:in `call'
actionpack (5.0.1) lib/action_dispatch/middleware/executor.rb:12:in `call'
actionpack (5.0.1) lib/action_dispatch/middleware/static.rb:136:in `call'
rack (2.0.1) lib/rack/sendfile.rb:111:in `call'
rack-cors (0.4.1) lib/rack/cors.rb:81:in `call'
railties (5.0.1) lib/rails/engine.rb:522:in `call'
puma (3.7.0) lib/puma/configuration.rb:226:in `call'
puma (3.7.0) lib/puma/server.rb:578:in `handle_request'
puma (3.7.0) lib/puma/server.rb:415:in `process_client'
puma (3.7.0) lib/puma/server.rb:275:in `block in run'
puma (3.7.0) lib/puma/thread_pool.rb:120:in `block in spawn_thread'
Started GET "/register" for 127.0.0.1 at 2017-02-20 11:05:44 +0000
  
ActionController::RoutingError (No route matches [GET] "/register"):
  
actionpack (5.0.1) lib/action_dispatch/middleware/debug_exceptions.rb:53:in `call'
actionpack (5.0.1) lib/action_dispatch/middleware/show_exceptions.rb:31:in `call'
railties (5.0.1) lib/rails/rack/logger.rb:36:in `call_app'
railties (5.0.1) lib/rails/rack/logger.rb:24:in `block in call'
activesupport (5.0.1) lib/active_support/tagged_logging.rb:69:in `block in tagged'
activesupport (5.0.1) lib/active_support/tagged_logging.rb:26:in `tagged'
activesupport (5.0.1) lib/active_support/tagged_logging.rb:69:in `tagged'
railties (5.0.1) lib/rails/rack/logger.rb:24:in `call'
actionpack (5.0.1) lib/action_dispatch/middleware/request_id.rb:24:in `call'
rack (2.0.1) lib/rack/runtime.rb:22:in `call'
activesupport (5.0.1) lib/active_support/cache/strategy/local_cache_middleware.rb:28:in `call'
actionpack (5.0.1) lib/action_dispatch/middleware/executor.rb:12:in `call'
actionpack (5.0.1) lib/action_dispatch/middleware/static.rb:136:in `call'
rack (2.0.1) lib/rack/sendfile.rb:111:in `call'
rack-cors (0.4.1) lib/rack/cors.rb:81:in `call'
railties (5.0.1) lib/rails/engine.rb:522:in `call'
puma (3.7.0) lib/puma/configuration.rb:226:in `call'
puma (3.7.0) lib/puma/server.rb:578:in `handle_request'
puma (3.7.0) lib/puma/server.rb:415:in `process_client'
puma (3.7.0) lib/puma/server.rb:275:in `block in run'
puma (3.7.0) lib/puma/thread_pool.rb:120:in `block in spawn_thread'
Started GET "/register" for 127.0.0.1 at 2017-02-20 11:09:50 +0000
  
ActionController::RoutingError (No route matches [GET] "/register"):
  
actionpack (5.0.1) lib/action_dispatch/middleware/debug_exceptions.rb:53:in `call'
actionpack (5.0.1) lib/action_dispatch/middleware/show_exceptions.rb:31:in `call'
railties (5.0.1) lib/rails/rack/logger.rb:36:in `call_app'
railties (5.0.1) lib/rails/rack/logger.rb:24:in `block in call'
activesupport (5.0.1) lib/active_support/tagged_logging.rb:69:in `block in tagged'
activesupport (5.0.1) lib/active_support/tagged_logging.rb:26:in `tagged'
activesupport (5.0.1) lib/active_support/tagged_logging.rb:69:in `tagged'
railties (5.0.1) lib/rails/rack/logger.rb:24:in `call'
actionpack (5.0.1) lib/action_dispatch/middleware/request_id.rb:24:in `call'
rack (2.0.1) lib/rack/runtime.rb:22:in `call'
activesupport (5.0.1) lib/active_support/cache/strategy/local_cache_middleware.rb:28:in `call'
actionpack (5.0.1) lib/action_dispatch/middleware/executor.rb:12:in `call'
actionpack (5.0.1) lib/action_dispatch/middleware/static.rb:136:in `call'
rack (2.0.1) lib/rack/sendfile.rb:111:in `call'
rack-cors (0.4.1) lib/rack/cors.rb:81:in `call'
railties (5.0.1) lib/rails/engine.rb:522:in `call'
puma (3.7.0) lib/puma/configuration.rb:226:in `call'
puma (3.7.0) lib/puma/server.rb:578:in `handle_request'
puma (3.7.0) lib/puma/server.rb:415:in `process_client'
puma (3.7.0) lib/puma/server.rb:275:in `block in run'
puma (3.7.0) lib/puma/thread_pool.rb:120:in `block in spawn_thread'
Started GET "/register" for 127.0.0.1 at 2017-02-20 11:10:25 +0000
  [1m[36mActiveRecord::SchemaMigration Load (1.8ms)[0m  [1m[34mSELECT "schema_migrations".* FROM "schema_migrations"[0m
  
ActionController::RoutingError (No route matches [GET] "/register"):
  
actionpack (5.0.1) lib/action_dispatch/middleware/debug_exceptions.rb:53:in `call'
actionpack (5.0.1) lib/action_dispatch/middleware/show_exceptions.rb:31:in `call'
railties (5.0.1) lib/rails/rack/logger.rb:36:in `call_app'
railties (5.0.1) lib/rails/rack/logger.rb:24:in `block in call'
activesupport (5.0.1) lib/active_support/tagged_logging.rb:69:in `block in tagged'
activesupport (5.0.1) lib/active_support/tagged_logging.rb:26:in `tagged'
activesupport (5.0.1) lib/active_support/tagged_logging.rb:69:in `tagged'
railties (5.0.1) lib/rails/rack/logger.rb:24:in `call'
actionpack (5.0.1) lib/action_dispatch/middleware/request_id.rb:24:in `call'
rack (2.0.1) lib/rack/runtime.rb:22:in `call'
activesupport (5.0.1) lib/active_support/cache/strategy/local_cache_middleware.rb:28:in `call'
actionpack (5.0.1) lib/action_dispatch/middleware/executor.rb:12:in `call'
actionpack (5.0.1) lib/action_dispatch/middleware/static.rb:136:in `call'
rack (2.0.1) lib/rack/sendfile.rb:111:in `call'
rack-cors (0.4.1) lib/rack/cors.rb:81:in `call'
railties (5.0.1) lib/rails/engine.rb:522:in `call'
puma (3.7.0) lib/puma/configuration.rb:226:in `call'
puma (3.7.0) lib/puma/server.rb:578:in `handle_request'
puma (3.7.0) lib/puma/server.rb:415:in `process_client'
puma (3.7.0) lib/puma/server.rb:275:in `block in run'
puma (3.7.0) lib/puma/thread_pool.rb:120:in `block in spawn_thread'
Started GET "/register" for 127.0.0.1 at 2017-02-20 11:11:49 +0000
  [1m[36mActiveRecord::SchemaMigration Load (1.5ms)[0m  [1m[34mSELECT "schema_migrations".* FROM "schema_migrations"[0m
  
ActionController::RoutingError (No route matches [GET] "/register"):
  
actionpack (5.0.1) lib/action_dispatch/middleware/debug_exceptions.rb:53:in `call'
actionpack (5.0.1) lib/action_dispatch/middleware/show_exceptions.rb:31:in `call'
railties (5.0.1) lib/rails/rack/logger.rb:36:in `call_app'
railties (5.0.1) lib/rails/rack/logger.rb:24:in `block in call'
activesupport (5.0.1) lib/active_support/tagged_logging.rb:69:in `block in tagged'
activesupport (5.0.1) lib/active_support/tagged_logging.rb:26:in `tagged'
activesupport (5.0.1) lib/active_support/tagged_logging.rb:69:in `tagged'
railties (5.0.1) lib/rails/rack/logger.rb:24:in `call'
actionpack (5.0.1) lib/action_dispatch/middleware/request_id.rb:24:in `call'
rack (2.0.1) lib/rack/runtime.rb:22:in `call'
activesupport (5.0.1) lib/active_support/cache/strategy/local_cache_middleware.rb:28:in `call'
actionpack (5.0.1) lib/action_dispatch/middleware/executor.rb:12:in `call'
actionpack (5.0.1) lib/action_dispatch/middleware/static.rb:136:in `call'
rack (2.0.1) lib/rack/sendfile.rb:111:in `call'
rack-cors (0.4.1) lib/rack/cors.rb:81:in `call'
railties (5.0.1) lib/rails/engine.rb:522:in `call'
puma (3.7.0) lib/puma/configuration.rb:226:in `call'
puma (3.7.0) lib/puma/server.rb:578:in `handle_request'
puma (3.7.0) lib/puma/server.rb:415:in `process_client'
puma (3.7.0) lib/puma/server.rb:275:in `block in run'
puma (3.7.0) lib/puma/thread_pool.rb:120:in `block in spawn_thread'
Started GET "/register" for 127.0.0.1 at 2017-02-20 11:12:12 +0000
  
ActionController::RoutingError (No route matches [GET] "/register"):
  
actionpack (5.0.1) lib/action_dispatch/middleware/debug_exceptions.rb:53:in `call'
actionpack (5.0.1) lib/action_dispatch/middleware/show_exceptions.rb:31:in `call'
railties (5.0.1) lib/rails/rack/logger.rb:36:in `call_app'
railties (5.0.1) lib/rails/rack/logger.rb:24:in `block in call'
activesupport (5.0.1) lib/active_support/tagged_logging.rb:69:in `block in tagged'
activesupport (5.0.1) lib/active_support/tagged_logging.rb:26:in `tagged'
activesupport (5.0.1) lib/active_support/tagged_logging.rb:69:in `tagged'
railties (5.0.1) lib/rails/rack/logger.rb:24:in `call'
actionpack (5.0.1) lib/action_dispatch/middleware/request_id.rb:24:in `call'
rack (2.0.1) lib/rack/runtime.rb:22:in `call'
activesupport (5.0.1) lib/active_support/cache/strategy/local_cache_middleware.rb:28:in `call'
actionpack (5.0.1) lib/action_dispatch/middleware/executor.rb:12:in `call'
actionpack (5.0.1) lib/action_dispatch/middleware/static.rb:136:in `call'
rack (2.0.1) lib/rack/sendfile.rb:111:in `call'
rack-cors (0.4.1) lib/rack/cors.rb:81:in `call'
railties (5.0.1) lib/rails/engine.rb:522:in `call'
puma (3.7.0) lib/puma/configuration.rb:226:in `call'
puma (3.7.0) lib/puma/server.rb:578:in `handle_request'
puma (3.7.0) lib/puma/server.rb:415:in `process_client'
puma (3.7.0) lib/puma/server.rb:275:in `block in run'
puma (3.7.0) lib/puma/thread_pool.rb:120:in `block in spawn_thread'
Started GET "/" for 127.0.0.1 at 2017-02-20 11:13:29 +0000
Processing by Rails::WelcomeController#index as HTML
  Parameters: {"internal"=>true}
  Rendering /Users/James/.rbenv/versions/2.3.1/lib/ruby/gems/2.3.0/gems/railties-5.0.1/lib/rails/templates/rails/welcome/index.html.erb
  Rendered /Users/James/.rbenv/versions/2.3.1/lib/ruby/gems/2.3.0/gems/railties-5.0.1/lib/rails/templates/rails/welcome/index.html.erb (6.5ms)
Completed 200 OK in 24ms (Views: 19.1ms | ActiveRecord: 0.0ms)


  [1m[35m (0.2ms)[0m  [1m[34mSELECT pg_try_advisory_lock(7381167824530102995);[0m
  [1m[36mActiveRecord::SchemaMigration Load (1.3ms)[0m  [1m[34mSELECT "schema_migrations".* FROM "schema_migrations"[0m
  [1m[36mActiveRecord::InternalMetadata Load (2.4ms)[0m  [1m[34mSELECT  "ar_internal_metadata".* FROM "ar_internal_metadata" WHERE "ar_internal_metadata"."key" = $1 LIMIT $2[0m  [["key", :environment], ["LIMIT", 1]]
  [1m[35m (0.1ms)[0m  [1m[35mBEGIN[0m
  [1m[35m (0.1ms)[0m  [1m[35mCOMMIT[0m
  [1m[35m (0.2ms)[0m  [1m[34mSELECT pg_advisory_unlock(7381167824530102995)[0m
  [1m[36mActiveRecord::SchemaMigration Load (0.2ms)[0m  [1m[34mSELECT "schema_migrations".* FROM "schema_migrations"[0m
Started GET "/register" for 127.0.0.1 at 2017-02-20 11:14:50 +0000
  
ActionController::RoutingError (No route matches [GET] "/register"):
  
actionpack (5.0.1) lib/action_dispatch/middleware/debug_exceptions.rb:53:in `call'
actionpack (5.0.1) lib/action_dispatch/middleware/show_exceptions.rb:31:in `call'
railties (5.0.1) lib/rails/rack/logger.rb:36:in `call_app'
railties (5.0.1) lib/rails/rack/logger.rb:24:in `block in call'
activesupport (5.0.1) lib/active_support/tagged_logging.rb:69:in `block in tagged'
activesupport (5.0.1) lib/active_support/tagged_logging.rb:26:in `tagged'
activesupport (5.0.1) lib/active_support/tagged_logging.rb:69:in `tagged'
railties (5.0.1) lib/rails/rack/logger.rb:24:in `call'
actionpack (5.0.1) lib/action_dispatch/middleware/request_id.rb:24:in `call'
rack (2.0.1) lib/rack/runtime.rb:22:in `call'
activesupport (5.0.1) lib/active_support/cache/strategy/local_cache_middleware.rb:28:in `call'
actionpack (5.0.1) lib/action_dispatch/middleware/executor.rb:12:in `call'
actionpack (5.0.1) lib/action_dispatch/middleware/static.rb:136:in `call'
rack (2.0.1) lib/rack/sendfile.rb:111:in `call'
rack-cors (0.4.1) lib/rack/cors.rb:81:in `call'
railties (5.0.1) lib/rails/engine.rb:522:in `call'
puma (3.7.0) lib/puma/configuration.rb:226:in `call'
puma (3.7.0) lib/puma/server.rb:578:in `handle_request'
puma (3.7.0) lib/puma/server.rb:415:in `process_client'
puma (3.7.0) lib/puma/server.rb:275:in `block in run'
puma (3.7.0) lib/puma/thread_pool.rb:120:in `block in spawn_thread'
  [1m[36mActiveRecord::SchemaMigration Load (1.5ms)[0m  [1m[34mSELECT "schema_migrations".* FROM "schema_migrations"[0m
  [1m[35m (1.8ms)[0m  [1m[34mSELECT "ar_internal_metadata"."value" FROM "ar_internal_metadata" WHERE "ar_internal_metadata"."key" = $1[0m  [["key", :environment]]
  [1m[36mActiveRecord::SchemaMigration Load (0.2ms)[0m  [1m[34mSELECT "schema_migrations".* FROM "schema_migrations"[0m
  [1m[35m (0.2ms)[0m  [1m[34mSELECT "ar_internal_metadata"."value" FROM "ar_internal_metadata" WHERE "ar_internal_metadata"."key" = $1[0m  [["key", :environment]]
  [1m[36mActiveRecord::SchemaMigration Load (0.2ms)[0m  [1m[34mSELECT "schema_migrations".* FROM "schema_migrations"[0m
  [1m[35m (0.1ms)[0m  [1m[34mSELECT "ar_internal_metadata"."value" FROM "ar_internal_metadata" WHERE "ar_internal_metadata"."key" = $1[0m  [["key", :environment]]
  [1m[35m (5046.1ms)[0m  [1m[35mDROP DATABASE IF EXISTS "wdi-project-4-api_development"[0m
  [1m[36mActiveRecord::SchemaMigration Load (1.4ms)[0m  [1m[34mSELECT "schema_migrations".* FROM "schema_migrations"[0m
  [1m[35m (1.8ms)[0m  [1m[34mSELECT "ar_internal_metadata"."value" FROM "ar_internal_metadata" WHERE "ar_internal_metadata"."key" = $1[0m  [["key", :environment]]
  [1m[36mActiveRecord::SchemaMigration Load (0.2ms)[0m  [1m[34mSELECT "schema_migrations".* FROM "schema_migrations"[0m
  [1m[35m (0.2ms)[0m  [1m[34mSELECT "ar_internal_metadata"."value" FROM "ar_internal_metadata" WHERE "ar_internal_metadata"."key" = $1[0m  [["key", :environment]]
  [1m[36mActiveRecord::SchemaMigration Load (0.2ms)[0m  [1m[34mSELECT "schema_migrations".* FROM "schema_migrations"[0m
  [1m[35m (0.1ms)[0m  [1m[34mSELECT "ar_internal_metadata"."value" FROM "ar_internal_metadata" WHERE "ar_internal_metadata"."key" = $1[0m  [["key", :environment]]
  [1m[35m (253.5ms)[0m  [1m[35mDROP DATABASE IF EXISTS "wdi-project-4-api_development"[0m
  [1m[35m (243.3ms)[0m  [1m[35mDROP DATABASE IF EXISTS "wdi-project-4-api_test"[0m
  [1m[35m (1735.2ms)[0m  [1m[35mCREATE DATABASE "wdi-project-4-api_development" ENCODING = 'unicode'[0m
  [1m[35m (1641.3ms)[0m  [1m[35mCREATE DATABASE "wdi-project-4-api_test" ENCODING = 'unicode'[0m
  [1m[35m (30.3ms)[0m  [1m[35mCREATE TABLE "schema_migrations" ("version" character varying PRIMARY KEY)[0m
  [1m[35m (15.9ms)[0m  [1m[35mCREATE TABLE "ar_internal_metadata" ("key" character varying PRIMARY KEY, "value" character varying, "created_at" timestamp NOT NULL, "updated_at" timestamp NOT NULL)[0m
  [1m[35m (0.2ms)[0m  [1m[34mSELECT pg_try_advisory_lock(7381167824530102995);[0m
  [1m[36mActiveRecord::SchemaMigration Load (1.6ms)[0m  [1m[34mSELECT "schema_migrations".* FROM "schema_migrations"[0m
Migrating to CreateUsers (20170220101420)
  [1m[35m (0.1ms)[0m  [1m[35mBEGIN[0m
  [1m[35m (19.4ms)[0m  [1m[35mCREATE TABLE "users" ("id" serial primary key, "email" character varying, "password_digest" character varying, "created_at" timestamp NOT NULL, "updated_at" timestamp NOT NULL)[0m
  [1m[35mSQL (0.5ms)[0m  [1m[32mINSERT INTO "schema_migrations" ("version") VALUES ($1) RETURNING "version"[0m  [["version", "20170220101420"]]
  [1m[35m (0.4ms)[0m  [1m[35mCOMMIT[0m
  [1m[36mActiveRecord::InternalMetadata Load (2.1ms)[0m  [1m[34mSELECT  "ar_internal_metadata".* FROM "ar_internal_metadata" WHERE "ar_internal_metadata"."key" = $1 LIMIT $2[0m  [["key", :environment], ["LIMIT", 1]]
  [1m[35m (0.2ms)[0m  [1m[35mBEGIN[0m
  [1m[35mSQL (0.4ms)[0m  [1m[32mINSERT INTO "ar_internal_metadata" ("key", "value", "created_at", "updated_at") VALUES ($1, $2, $3, $4) RETURNING "key"[0m  [["key", "environment"], ["value", "development"], ["created_at", 2017-02-20 11:19:37 UTC], ["updated_at", 2017-02-20 11:19:37 UTC]]
  [1m[35m (0.3ms)[0m  [1m[35mCOMMIT[0m
  [1m[35m (0.3ms)[0m  [1m[34mSELECT pg_advisory_unlock(7381167824530102995)[0m
  [1m[36mActiveRecord::SchemaMigration Load (0.3ms)[0m  [1m[34mSELECT "schema_migrations".* FROM "schema_migrations"[0m
Started GET "/api/users" for 127.0.0.1 at 2017-02-20 11:20:08 +0000
  [1m[36mActiveRecord::SchemaMigration Load (8.1ms)[0m  [1m[34mSELECT "schema_migrations".* FROM "schema_migrations"[0m
  
ActionController::RoutingError (No route matches [GET] "/api/users"):
  
actionpack (5.0.1) lib/action_dispatch/middleware/debug_exceptions.rb:53:in `call'
actionpack (5.0.1) lib/action_dispatch/middleware/show_exceptions.rb:31:in `call'
railties (5.0.1) lib/rails/rack/logger.rb:36:in `call_app'
railties (5.0.1) lib/rails/rack/logger.rb:24:in `block in call'
activesupport (5.0.1) lib/active_support/tagged_logging.rb:69:in `block in tagged'
activesupport (5.0.1) lib/active_support/tagged_logging.rb:26:in `tagged'
activesupport (5.0.1) lib/active_support/tagged_logging.rb:69:in `tagged'
railties (5.0.1) lib/rails/rack/logger.rb:24:in `call'
actionpack (5.0.1) lib/action_dispatch/middleware/request_id.rb:24:in `call'
rack (2.0.1) lib/rack/runtime.rb:22:in `call'
activesupport (5.0.1) lib/active_support/cache/strategy/local_cache_middleware.rb:28:in `call'
actionpack (5.0.1) lib/action_dispatch/middleware/executor.rb:12:in `call'
actionpack (5.0.1) lib/action_dispatch/middleware/static.rb:136:in `call'
rack (2.0.1) lib/rack/sendfile.rb:111:in `call'
rack-cors (0.4.1) lib/rack/cors.rb:81:in `call'
railties (5.0.1) lib/rails/engine.rb:522:in `call'
puma (3.7.0) lib/puma/configuration.rb:226:in `call'
puma (3.7.0) lib/puma/server.rb:578:in `handle_request'
puma (3.7.0) lib/puma/server.rb:415:in `process_client'
puma (3.7.0) lib/puma/server.rb:275:in `block in run'
puma (3.7.0) lib/puma/thread_pool.rb:120:in `block in spawn_thread'
Started GET "/api/register" for 127.0.0.1 at 2017-02-20 11:20:12 +0000
  
ActionController::RoutingError (No route matches [GET] "/api/register"):
  
actionpack (5.0.1) lib/action_dispatch/middleware/debug_exceptions.rb:53:in `call'
actionpack (5.0.1) lib/action_dispatch/middleware/show_exceptions.rb:31:in `call'
railties (5.0.1) lib/rails/rack/logger.rb:36:in `call_app'
railties (5.0.1) lib/rails/rack/logger.rb:24:in `block in call'
activesupport (5.0.1) lib/active_support/tagged_logging.rb:69:in `block in tagged'
activesupport (5.0.1) lib/active_support/tagged_logging.rb:26:in `tagged'
activesupport (5.0.1) lib/active_support/tagged_logging.rb:69:in `tagged'
railties (5.0.1) lib/rails/rack/logger.rb:24:in `call'
actionpack (5.0.1) lib/action_dispatch/middleware/request_id.rb:24:in `call'
rack (2.0.1) lib/rack/runtime.rb:22:in `call'
activesupport (5.0.1) lib/active_support/cache/strategy/local_cache_middleware.rb:28:in `call'
actionpack (5.0.1) lib/action_dispatch/middleware/executor.rb:12:in `call'
actionpack (5.0.1) lib/action_dispatch/middleware/static.rb:136:in `call'
rack (2.0.1) lib/rack/sendfile.rb:111:in `call'
rack-cors (0.4.1) lib/rack/cors.rb:81:in `call'
railties (5.0.1) lib/rails/engine.rb:522:in `call'
puma (3.7.0) lib/puma/configuration.rb:226:in `call'
puma (3.7.0) lib/puma/server.rb:578:in `handle_request'
puma (3.7.0) lib/puma/server.rb:415:in `process_client'
puma (3.7.0) lib/puma/server.rb:275:in `block in run'
puma (3.7.0) lib/puma/thread_pool.rb:120:in `block in spawn_thread'
Started POST "/api/register" for 127.0.0.1 at 2017-02-20 11:21:36 +0000
Processing by AuthenticationsController#register as */*
  Parameters: {"email"=>"fredo@fredo.com", "password"=>"[FILTERED]", "password_confirmation"=>"[FILTERED]", "authentication"=>{"email"=>"fredo@fredo.com", "password"=>"[FILTERED]", "password_confirmation"=>"[FILTERED]"}}
[active_model_serializers] Rendered ActiveModel::Serializer::Null with Hash (0.09ms)
Filter chain halted as :authenticate_user! rendered or redirected
Completed 401 Unauthorized in 7ms (Views: 6.4ms | ActiveRecord: 0.0ms)


Started POST "/register" for 127.0.0.1 at 2017-02-20 11:22:38 +0000
Processing by AuthenticationsController#register as */*
  Parameters: {"email"=>"fredo@fredo.com", "password"=>"[FILTERED]", "password_confirmation"=>"[FILTERED]", "authentication"=>{"email"=>"fredo@fredo.com", "password"=>"[FILTERED]", "password_confirmation"=>"[FILTERED]"}}
[active_model_serializers] Rendered ActiveModel::Serializer::Null with Hash (0.08ms)
Filter chain halted as :authenticate_user! rendered or redirected
Completed 401 Unauthorized in 3ms (Views: 2.3ms | ActiveRecord: 0.0ms)


Started POST "/register" for 127.0.0.1 at 2017-02-20 11:23:16 +0000
Processing by AuthenticationsController#register as */*
  Parameters: {"email"=>"fredo@fredo.com", "password"=>"[FILTERED]", "password_confirmation"=>"[FILTERED]", "authentication"=>{"email"=>"fredo@fredo.com", "password"=>"[FILTERED]", "password_confirmation"=>"[FILTERED]"}}
[active_model_serializers] Rendered ActiveModel::Serializer::Null with Hash (0.08ms)
Filter chain halted as :authenticate_user! rendered or redirected
Completed 401 Unauthorized in 3ms (Views: 2.3ms | ActiveRecord: 0.0ms)


Started POST "/register" for 127.0.0.1 at 2017-02-20 11:25:38 +0000
Processing by AuthenticationsController#register as */*
  Parameters: {"email"=>"fredo@fredo.com", "password"=>"[FILTERED]", "password_confirmation"=>"[FILTERED]", "authentication"=>{"email"=>"fredo@fredo.com", "password"=>"[FILTERED]", "password_confirmation"=>"[FILTERED]"}}
DEPRECATION WARNING: Method to_hash is deprecated and will be removed in Rails 5.1, as `ActionController::Parameters` no longer inherits from hash. Using this deprecated behavior exposes potential security problems. If you continue to use this method you may be creating a security vulnerability in your app that can be exploited. Instead, consider using one of these documented methods which are not deprecated: http://api.rubyonrails.org/v5.0.1/classes/ActionController/Parameters.html (called from merge! at /Users/James/development/projects/WDI_PORJECT_4/wdi-project-4-api/app/controllers/authentications_controller.rb:31)
  [1m[35m (0.2ms)[0m  [1m[35mBEGIN[0m
  [1m[36mUser Exists (2.7ms)[0m  [1m[34mSELECT  1 AS one FROM "users" WHERE "users"."email" = $1 LIMIT $2[0m  [["email", "fredo@fredo.com"], ["LIMIT", 1]]
  [1m[35m (0.1ms)[0m  [1m[31mROLLBACK[0m
[active_model_serializers] Rendered ActiveModel::Serializer::Null with Hash (0.07ms)
Completed 422 Unprocessable Entity in 110ms (Views: 2.2ms | ActiveRecord: 11.2ms)


Started POST "/register" for 127.0.0.1 at 2017-02-20 11:25:53 +0000
Processing by AuthenticationsController#register as */*
  Parameters: {"email"=>"fuck@fuck.com", "password"=>"[FILTERED]", "password_confirmation"=>"[FILTERED]", "authentication"=>{"email"=>"fuck@fuck.com", "password"=>"[FILTERED]", "password_confirmation"=>"[FILTERED]"}}
DEPRECATION WARNING: Method to_hash is deprecated and will be removed in Rails 5.1, as `ActionController::Parameters` no longer inherits from hash. Using this deprecated behavior exposes potential security problems. If you continue to use this method you may be creating a security vulnerability in your app that can be exploited. Instead, consider using one of these documented methods which are not deprecated: http://api.rubyonrails.org/v5.0.1/classes/ActionController/Parameters.html (called from merge! at /Users/James/development/projects/WDI_PORJECT_4/wdi-project-4-api/app/controllers/authentications_controller.rb:31)
  [1m[35m (0.1ms)[0m  [1m[35mBEGIN[0m
  [1m[36mUser Exists (2.2ms)[0m  [1m[34mSELECT  1 AS one FROM "users" WHERE "users"."email" = $1 LIMIT $2[0m  [["email", "fuck@fuck.com"], ["LIMIT", 1]]
  [1m[35m (0.1ms)[0m  [1m[31mROLLBACK[0m
[active_model_serializers] Rendered ActiveModel::Serializer::Null with Hash (0.06ms)
Completed 422 Unprocessable Entity in 5ms (Views: 0.4ms | ActiveRecord: 2.5ms)


Started POST "/register" for 127.0.0.1 at 2017-02-20 11:26:16 +0000
Processing by AuthenticationsController#register as */*
  Parameters: {"email"=>"fredo@fredo.com", "password"=>"[FILTERED]", "password_confirmation"=>"[FILTERED]", "authentication"=>{"email"=>"fredo@fredo.com", "password"=>"[FILTERED]", "password_confirmation"=>"[FILTERED]"}}
DEPRECATION WARNING: Method to_hash is deprecated and will be removed in Rails 5.1, as `ActionController::Parameters` no longer inherits from hash. Using this deprecated behavior exposes potential security problems. If you continue to use this method you may be creating a security vulnerability in your app that can be exploited. Instead, consider using one of these documented methods which are not deprecated: http://api.rubyonrails.org/v5.0.1/classes/ActionController/Parameters.html (called from merge! at /Users/James/development/projects/WDI_PORJECT_4/wdi-project-4-api/app/controllers/authentications_controller.rb:31)
  [1m[35m (0.1ms)[0m  [1m[35mBEGIN[0m
  [1m[36mUser Exists (0.4ms)[0m  [1m[34mSELECT  1 AS one FROM "users" WHERE "users"."email" = $1 LIMIT $2[0m  [["email", "fredo@fredo.com"], ["LIMIT", 1]]
  [1m[35mSQL (0.6ms)[0m  [1m[32mINSERT INTO "users" ("email", "password_digest", "created_at", "updated_at") VALUES ($1, $2, $3, $4) RETURNING "id"[0m  [["email", "fredo@fredo.com"], ["password_digest", "$2a$10$zb5WRuYiRvFx.RKYbfwRCuZ7b6chqyfIQAPEQto0qVOGPtGrD29Te"], ["created_at", 2017-02-20 11:26:16 UTC], ["updated_at", 2017-02-20 11:26:16 UTC]]
  [1m[35m (1.1ms)[0m  [1m[35mCOMMIT[0m
[active_model_serializers] Rendered ActiveModel::Serializer::Null with Hash (17.5ms)
Completed 200 OK in 134ms (Views: 19.8ms | ActiveRecord: 6.6ms)


Started GET "/register" for 127.0.0.1 at 2017-02-20 11:26:39 +0000
  
ActionController::RoutingError (No route matches [GET] "/register"):
  
actionpack (5.0.1) lib/action_dispatch/middleware/debug_exceptions.rb:53:in `call'
actionpack (5.0.1) lib/action_dispatch/middleware/show_exceptions.rb:31:in `call'
railties (5.0.1) lib/rails/rack/logger.rb:36:in `call_app'
railties (5.0.1) lib/rails/rack/logger.rb:24:in `block in call'
activesupport (5.0.1) lib/active_support/tagged_logging.rb:69:in `block in tagged'
activesupport (5.0.1) lib/active_support/tagged_logging.rb:26:in `tagged'
activesupport (5.0.1) lib/active_support/tagged_logging.rb:69:in `tagged'
railties (5.0.1) lib/rails/rack/logger.rb:24:in `call'
actionpack (5.0.1) lib/action_dispatch/middleware/request_id.rb:24:in `call'
rack (2.0.1) lib/rack/runtime.rb:22:in `call'
activesupport (5.0.1) lib/active_support/cache/strategy/local_cache_middleware.rb:28:in `call'
actionpack (5.0.1) lib/action_dispatch/middleware/executor.rb:12:in `call'
actionpack (5.0.1) lib/action_dispatch/middleware/static.rb:136:in `call'
rack (2.0.1) lib/rack/sendfile.rb:111:in `call'
rack-cors (0.4.1) lib/rack/cors.rb:81:in `call'
railties (5.0.1) lib/rails/engine.rb:522:in `call'
puma (3.7.0) lib/puma/configuration.rb:226:in `call'
puma (3.7.0) lib/puma/server.rb:578:in `handle_request'
puma (3.7.0) lib/puma/server.rb:415:in `process_client'
puma (3.7.0) lib/puma/server.rb:275:in `block in run'
puma (3.7.0) lib/puma/thread_pool.rb:120:in `block in spawn_thread'
Started POST "/login" for 127.0.0.1 at 2017-02-20 11:28:24 +0000
Processing by AuthenticationsController#login as */*
  Parameters: {"email"=>"fredo@fredo.com", "password"=>"[FILTERED]", "authentication"=>{"email"=>"fredo@fredo.com", "password"=>"[FILTERED]"}}
  [1m[36mUser Load (0.3ms)[0m  [1m[34mSELECT  "users".* FROM "users" WHERE "users"."email" = $1 LIMIT $2[0m  [["email", "fredo@fredo.com"], ["LIMIT", 1]]
[active_model_serializers] Rendered ActiveModel::Serializer::Null with Hash (0.35ms)
Completed 200 OK in 73ms (Views: 1.1ms | ActiveRecord: 0.6ms)


